Traceback (most recent call last):
  File "c:\users\mariu\.conda\envs\p37\lib\site-packages\jupyter_cache\executors\utils.py", line 56, in single_nb_execution
    record_timing=False,
  File "c:\users\mariu\.conda\envs\p37\lib\site-packages\nbclient\client.py", line 1112, in execute
    return NotebookClient(nb=nb, resources=resources, km=km, **kwargs).execute()
  File "c:\users\mariu\.conda\envs\p37\lib\site-packages\nbclient\util.py", line 74, in wrapped
    return just_run(coro(*args, **kwargs))
  File "c:\users\mariu\.conda\envs\p37\lib\site-packages\nbclient\util.py", line 53, in just_run
    return loop.run_until_complete(coro)
  File "c:\users\mariu\.conda\envs\p37\lib\asyncio\base_events.py", line 587, in run_until_complete
    return future.result()
  File "c:\users\mariu\.conda\envs\p37\lib\site-packages\nbclient\client.py", line 554, in async_execute
    cell, index, execution_count=self.code_cells_executed + 1
  File "c:\users\mariu\.conda\envs\p37\lib\site-packages\nbclient\client.py", line 857, in async_execute_cell
    self._check_raise_for_error(cell, exec_reply)
  File "c:\users\mariu\.conda\envs\p37\lib\site-packages\nbclient\client.py", line 760, in _check_raise_for_error
    raise CellExecutionError.from_cell_and_msg(cell, exec_reply_content)
nbclient.exceptions.CellExecutionError: An error occurred while executing the following cell:
------------------
from hypnospy import Wearable
from hypnospy.data import RawProcessing
from hypnospy.analysis import Viewer, NonWearingDetector, SleepBoudaryDetector, SleepWakeAnalysis
import pandas as pd
import numpy as np
import matplotlib.pyplot as plt
------------------

[1;31m---------------------------------------------------------------------------[0m
[1;31mModuleNotFoundError[0m                       Traceback (most recent call last)
[1;32m<ipython-input-1-ed63f03105d5>[0m in [0;36m<module>[1;34m[0m
[1;32m----> 1[1;33m [1;32mfrom[0m [0mhypnospy[0m [1;32mimport[0m [0mWearable[0m[1;33m[0m[1;33m[0m[0m
[0m[0;32m      2[0m [1;32mfrom[0m [0mhypnospy[0m[1;33m.[0m[0mdata[0m [1;32mimport[0m [0mRawProcessing[0m[1;33m[0m[1;33m[0m[0m
[0;32m      3[0m [1;32mfrom[0m [0mhypnospy[0m[1;33m.[0m[0manalysis[0m [1;32mimport[0m [0mViewer[0m[1;33m,[0m [0mNonWearingDetector[0m[1;33m,[0m [0mSleepBoudaryDetector[0m[1;33m,[0m [0mSleepWakeAnalysis[0m[1;33m[0m[1;33m[0m[0m
[0;32m      4[0m [1;32mimport[0m [0mpandas[0m [1;32mas[0m [0mpd[0m[1;33m[0m[1;33m[0m[0m
[0;32m      5[0m [1;32mimport[0m [0mnumpy[0m [1;32mas[0m [0mnp[0m[1;33m[0m[1;33m[0m[0m

[1;32mc:\users\mariu\.conda\envs\p37\lib\site-packages\hypnospy\__init__.py[0m in [0;36m<module>[1;34m[0m
[0;32m      2[0m [1;33m[0m[0m
[0;32m      3[0m [1;32mfrom[0m [1;33m.[0m[0mdiary[0m [1;32mimport[0m [0mDiary[0m[1;33m[0m[1;33m[0m[0m
[1;32m----> 4[1;33m [1;32mfrom[0m [1;33m.[0m[0mwearable[0m [1;32mimport[0m [0mWearable[0m[1;33m[0m[1;33m[0m[0m
[0m[0;32m      5[0m [1;32mfrom[0m [1;33m.[0m[0mexperiment[0m [1;32mimport[0m  [0mExperiment[0m[1;33m[0m[1;33m[0m[0m
[0;32m      6[0m [1;33m[0m[0m

[1;32mc:\users\mariu\.conda\envs\p37\lib\site-packages\hypnospy\wearable.py[0m in [0;36m<module>[1;34m[0m
[0;32m      2[0m [1;32mimport[0m [0mpandas[0m [1;32mas[0m [0mpd[0m[1;33m[0m[1;33m[0m[0m
[0;32m      3[0m [1;32mfrom[0m [0mhypnospy[0m [1;32mimport[0m [0mDiary[0m[1;33m[0m[1;33m[0m[0m
[1;32m----> 4[1;33m [1;32mimport[0m [0mh5py[0m[1;33m[0m[1;33m[0m[0m
[0m[0;32m      5[0m [1;33m[0m[0m
[0;32m      6[0m [1;33m[0m[0m

[1;31mModuleNotFoundError[0m: No module named 'h5py'
ModuleNotFoundError: No module named 'h5py'

